<?xml version="1.0" encoding="UTF-8"?>
<coverage generated="1700202892965" clover="3.2.0">
  <project timestamp="1700202892966" name="All files">
    <metrics statements="9" coveredstatements="9" conditionals="25" coveredconditionals="16" methods="4" coveredmethods="4" elements="38" coveredelements="29" complexity="0" loc="9" ncloc="9" packages="1" files="4" classes="4"/>
    <file name="Logo.jsx" path="C:\Users\miche\OneDrive\Escritorio\AUTOMATION\CineMaestro\frontend\src\components\Logo.jsx">
      <metrics statements="2" coveredstatements="2" conditionals="0" coveredconditionals="0" methods="1" coveredmethods="1"/>
      <line num="3" count="2" type="stmt"/>
      <line num="4" count="2" type="stmt"/>
    </file>
    <file name="LogoutButton.jsx" path="C:\Users\miche\OneDrive\Escritorio\AUTOMATION\CineMaestro\frontend\src\components\LogoutButton.jsx">
      <metrics statements="2" coveredstatements="2" conditionals="0" coveredconditionals="0" methods="1" coveredmethods="1"/>
      <line num="3" count="2" type="stmt"/>
      <line num="4" count="2" type="stmt"/>
    </file>
    <file name="MenuItem.jsx" path="C:\Users\miche\OneDrive\Escritorio\AUTOMATION\CineMaestro\frontend\src\components\MenuItem.jsx">
      <metrics statements="2" coveredstatements="2" conditionals="0" coveredconditionals="0" methods="1" coveredmethods="1"/>
      <line num="4" count="2" type="stmt"/>
      <line num="5" count="5" type="stmt"/>
    </file>
    <file name="Navbar.jsx" path="C:\Users\miche\OneDrive\Escritorio\AUTOMATION\CineMaestro\frontend\src\components\Navbar.jsx">
      <metrics statements="3" coveredstatements="3" conditionals="25" coveredconditionals="16" methods="1" coveredmethods="1"/>
      <line num="8" count="1" type="stmt"/>
      <line num="9" count="1" type="stmt"/>
      <line num="11" count="1" type="stmt"/>
    </file>
  </project>
</coverage>
