{"C:\\Users\\miche\\OneDrive\\Escritorio\\AUTOMATION\\CineMaestro\\frontend\\src\\components\\Logo.jsx": {"path":"C:\\Users\\miche\\OneDrive\\Escritorio\\AUTOMATION\\CineMaestro\\frontend\\src\\components\\Logo.jsx","statementMap":{"0":{"start":{"line":3,"column":13},"end":{"line":9,"column":1}},"1":{"start":{"line":4,"column":2},"end":{"line":8,"column":4}}},"fnMap":{"0":{"name":"(anonymous_0)","decl":{"start":{"line":3,"column":13},"end":{"line":3,"column":14}},"loc":{"start":{"line":3,"column":19},"end":{"line":9,"column":1}},"line":3}},"branchMap":{},"s":{"0":2,"1":2},"f":{"0":2},"b":{},"_coverageSchema":"1a1c01bbd47fc00a2c39e90264f33305004495a9","hash":"ad80f59a82c2ecb91602714c1ed559eb71f6ec3a"}
,"C:\\Users\\miche\\OneDrive\\Escritorio\\AUTOMATION\\CineMaestro\\frontend\\src\\components\\LogoutButton.jsx": {"path":"C:\\Users\\miche\\OneDrive\\Escritorio\\AUTOMATION\\CineMaestro\\frontend\\src\\components\\LogoutButton.jsx","statementMap":{"0":{"start":{"line":3,"column":21},"end":{"line":9,"column":1}},"1":{"start":{"line":4,"column":2},"end":{"line":8,"column":4}}},"fnMap":{"0":{"name":"(anonymous_0)","decl":{"start":{"line":3,"column":21},"end":{"line":3,"column":22}},"loc":{"start":{"line":3,"column":38},"end":{"line":9,"column":1}},"line":3}},"branchMap":{},"s":{"0":2,"1":2},"f":{"0":2},"b":{},"_coverageSchema":"1a1c01bbd47fc00a2c39e90264f33305004495a9","hash":"3a3d4e6928f68edfac04bae6338b2a98e2f3d827"}
,"C:\\Users\\miche\\OneDrive\\Escritorio\\AUTOMATION\\CineMaestro\\frontend\\src\\components\\MenuItem.jsx": {"path":"C:\\Users\\miche\\OneDrive\\Escritorio\\AUTOMATION\\CineMaestro\\frontend\\src\\components\\MenuItem.jsx","statementMap":{"0":{"start":{"line":4,"column":17},"end":{"line":10,"column":1}},"1":{"start":{"line":5,"column":2},"end":{"line":9,"column":4}}},"fnMap":{"0":{"name":"(anonymous_0)","decl":{"start":{"line":4,"column":17},"end":{"line":4,"column":18}},"loc":{"start":{"line":4,"column":36},"end":{"line":10,"column":1}},"line":4}},"branchMap":{},"s":{"0":2,"1":5},"f":{"0":5},"b":{},"_coverageSchema":"1a1c01bbd47fc00a2c39e90264f33305004495a9","hash":"7686a6779551a711228d5b5551e4f299f3da79bf"}
,"C:\\Users\\miche\\OneDrive\\Escritorio\\AUTOMATION\\CineMaestro\\frontend\\src\\components\\Navbar.jsx": {"path":"C:\\Users\\miche\\OneDrive\\Escritorio\\AUTOMATION\\CineMaestro\\frontend\\src\\components\\Navbar.jsx","statementMap":{"0":{"start":{"line":8,"column":15},"end":{"line":56,"column":1}},"1":{"start":{"line":9,"column":19},"end":{"line":9,"column":32}},"2":{"start":{"line":11,"column":2},"end":{"line":55,"column":4}}},"fnMap":{"0":{"name":"(anonymous_0)","decl":{"start":{"line":8,"column":15},"end":{"line":8,"column":16}},"loc":{"start":{"line":8,"column":42},"end":{"line":56,"column":1}},"line":8}},"branchMap":{"0":{"loc":{"start":{"line":16,"column":10},"end":{"line":18,"column":40}},"type":"cond-expr","locations":[{"start":{"line":17,"column":14},"end":{"line":17,"column":27}},{"start":{"line":18,"column":14},"end":{"line":18,"column":40}}],"line":16},"1":{"loc":{"start":{"line":16,"column":10},"end":{"line":16,"column":75}},"type":"binary-expr","locations":[{"start":{"line":16,"column":10},"end":{"line":16,"column":40}},{"start":{"line":16,"column":44},"end":{"line":16,"column":75}}],"line":16},"2":{"loc":{"start":{"line":22,"column":7},"end":{"line":22,"column":84}},"type":"binary-expr","locations":[{"start":{"line":22,"column":7},"end":{"line":22,"column":37}},{"start":{"line":22,"column":41},"end":{"line":22,"column":72}},{"start":{"line":22,"column":76},"end":{"line":22,"column":84}}],"line":22},"3":{"loc":{"start":{"line":24,"column":9},"end":{"line":28,"column":9}},"type":"binary-expr","locations":[{"start":{"line":24,"column":9},"end":{"line":24,"column":34}},{"start":{"line":24,"column":38},"end":{"line":24,"column":68}},{"start":{"line":24,"column":72},"end":{"line":24,"column":103}},{"start":{"line":25,"column":10},"end":{"line":27,"column":16}}],"line":24},"4":{"loc":{"start":{"line":30,"column":9},"end":{"line":52,"column":16}},"type":"cond-expr","locations":[{"start":{"line":31,"column":10},"end":{"line":47,"column":16}},{"start":{"line":48,"column":12},"end":{"line":52,"column":16}}],"line":30},"5":{"loc":{"start":{"line":33,"column":15},"end":{"line":35,"column":15}},"type":"binary-expr","locations":[{"start":{"line":33,"column":15},"end":{"line":33,"column":48}},{"start":{"line":34,"column":16},"end":{"line":34,"column":67}}],"line":33},"6":{"loc":{"start":{"line":36,"column":15},"end":{"line":38,"column":15}},"type":"binary-expr","locations":[{"start":{"line":36,"column":15},"end":{"line":36,"column":49}},{"start":{"line":37,"column":16},"end":{"line":37,"column":64}}],"line":36},"7":{"loc":{"start":{"line":39,"column":15},"end":{"line":41,"column":15}},"type":"binary-expr","locations":[{"start":{"line":39,"column":15},"end":{"line":39,"column":48}},{"start":{"line":40,"column":16},"end":{"line":40,"column":60}}],"line":39},"8":{"loc":{"start":{"line":42,"column":15},"end":{"line":44,"column":15}},"type":"binary-expr","locations":[{"start":{"line":42,"column":15},"end":{"line":42,"column":51}},{"start":{"line":43,"column":16},"end":{"line":43,"column":61}}],"line":42},"9":{"loc":{"start":{"line":48,"column":12},"end":{"line":52,"column":16}},"type":"cond-expr","locations":[{"start":{"line":49,"column":10},"end":{"line":51,"column":16}},{"start":{"line":52,"column":12},"end":{"line":52,"column":16}}],"line":48},"10":{"loc":{"start":{"line":48,"column":12},"end":{"line":48,"column":77}},"type":"binary-expr","locations":[{"start":{"line":48,"column":12},"end":{"line":48,"column":42}},{"start":{"line":48,"column":46},"end":{"line":48,"column":77}}],"line":48}},"s":{"0":1,"1":1,"2":1},"f":{"0":1},"b":{"0":[0,1],"1":[1,1],"2":[1,1,1],"3":[1,0,0,0],"4":[1,0],"5":[1,1],"6":[1,1],"7":[1,1],"8":[1,1],"9":[0,0],"10":[0,0]},"_coverageSchema":"1a1c01bbd47fc00a2c39e90264f33305004495a9","hash":"93247cad704ff344a7cff2043897dbf1ded656f7"}
}
