TN:
SF:src\components\Logo.jsx
FN:3,(anonymous_0)
FNF:1
FNH:1
FNDA:2,(anonymous_0)
DA:3,2
DA:4,2
LF:2
LH:2
BRF:0
BRH:0
end_of_record
TN:
SF:src\components\LogoutButton.jsx
FN:3,(anonymous_0)
FNF:1
FNH:1
FNDA:2,(anonymous_0)
DA:3,2
DA:4,2
LF:2
LH:2
BRF:0
BRH:0
end_of_record
TN:
SF:src\components\MenuItem.jsx
FN:4,(anonymous_0)
FNF:1
FNH:1
FNDA:5,(anonymous_0)
DA:4,2
DA:5,5
LF:2
LH:2
BRF:0
BRH:0
end_of_record
TN:
SF:src\components\Navbar.jsx
FN:8,(anonymous_0)
FNF:1
FNH:1
FNDA:1,(anonymous_0)
DA:8,1
DA:9,1
DA:11,1
LF:3
LH:3
BRDA:16,0,0,0
BRDA:16,0,1,1
BRDA:16,1,0,1
BRDA:16,1,1,1
BRDA:22,2,0,1
BRDA:22,2,1,1
BRDA:22,2,2,1
BRDA:24,3,0,1
BRDA:24,3,1,0
BRDA:24,3,2,0
BRDA:24,3,3,0
BRDA:30,4,0,1
BRDA:30,4,1,0
BRDA:33,5,0,1
BRDA:33,5,1,1
BRDA:36,6,0,1
BRDA:36,6,1,1
BRDA:39,7,0,1
BRDA:39,7,1,1
BRDA:42,8,0,1
BRDA:42,8,1,1
BRDA:48,9,0,0
BRDA:48,9,1,0
BRDA:48,10,0,0
BRDA:48,10,1,0
BRF:25
BRH:16
end_of_record
